mode: set
gitee.com/janyees/gom/Dbs.go:27.32,29.2 1 0
gitee.com/janyees/gom/Dbs.go:30.41,34.2 3 1
gitee.com/janyees/gom/Dbs.go:35.43,36.34 1 1
gitee.com/janyees/gom/Dbs.go:36.34,38.3 1 1
gitee.com/janyees/gom/Dbs.go:40.59,45.2 4 1
gitee.com/janyees/gom/Dbs.go:47.45,51.2 3 1
gitee.com/janyees/gom/Dbs.go:52.64,56.2 3 1
gitee.com/janyees/gom/Dbs.go:57.35,61.2 3 1
gitee.com/janyees/gom/Dbs.go:62.46,66.2 3 1
gitee.com/janyees/gom/Dbs.go:67.47,71.2 3 1
gitee.com/janyees/gom/Dbs.go:73.64,76.2 2 1
gitee.com/janyees/gom/Dbs.go:77.50,81.2 3 1
gitee.com/janyees/gom/Dbs.go:82.27,84.2 1 1
gitee.com/janyees/gom/Dbs.go:85.51,89.2 3 1
gitee.com/janyees/gom/Dbs.go:91.61,97.2 5 1
gitee.com/janyees/gom/Dbs.go:99.59,105.2 5 1
gitee.com/janyees/gom/Dbs.go:107.60,110.15 3 1
gitee.com/janyees/gom/Dbs.go:113.2,113.34 1 1
gitee.com/janyees/gom/Dbs.go:110.15,111.12 1 0
gitee.com/janyees/gom/Dbs.go:115.78,118.26 3 1
gitee.com/janyees/gom/Dbs.go:118.26,120.3 1 1
gitee.com/janyees/gom/Dbs.go:120.8,124.3 3 1
gitee.com/janyees/gom/Dbs.go:126.59,128.2 1 1
gitee.com/janyees/gom/Dbs.go:129.57,132.2 2 0
gitee.com/janyees/gom/Dbs.go:133.57,136.2 2 0
gitee.com/janyees/gom/Dbs.go:137.57,140.2 2 0
gitee.com/janyees/gom/Dbs.go:141.83,143.62 2 0
gitee.com/janyees/gom/Dbs.go:158.2,158.18 1 0
gitee.com/janyees/gom/Dbs.go:143.62,146.26 3 0
gitee.com/janyees/gom/Dbs.go:156.3,156.20 1 0
gitee.com/janyees/gom/Dbs.go:146.26,147.13 1 0
gitee.com/janyees/gom/Dbs.go:150.4,151.17 2 0
gitee.com/janyees/gom/Dbs.go:154.4,154.14 1 0
gitee.com/janyees/gom/Dbs.go:147.13,149.5 1 0
gitee.com/janyees/gom/Dbs.go:151.17,153.5 1 0
gitee.com/janyees/gom/Dbs.go:160.86,163.23 3 0
gitee.com/janyees/gom/Dbs.go:172.2,174.37 3 0
gitee.com/janyees/gom/Dbs.go:185.2,185.16 1 0
gitee.com/janyees/gom/Dbs.go:163.23,165.16 2 0
gitee.com/janyees/gom/Dbs.go:168.3,170.33 3 0
gitee.com/janyees/gom/Dbs.go:165.16,167.4 1 0
gitee.com/janyees/gom/Dbs.go:174.37,176.16 2 0
gitee.com/janyees/gom/Dbs.go:179.3,180.17 2 0
gitee.com/janyees/gom/Dbs.go:183.3,183.11 1 0
gitee.com/janyees/gom/Dbs.go:176.16,178.4 1 0
gitee.com/janyees/gom/Dbs.go:180.17,182.4 1 0
gitee.com/janyees/gom/Dbs.go:188.38,189.26 1 1
gitee.com/janyees/gom/Dbs.go:192.2,192.19 1 1
gitee.com/janyees/gom/Dbs.go:189.26,191.3 1 1
gitee.com/janyees/gom/Dbs.go:194.43,195.24 1 1
gitee.com/janyees/gom/Dbs.go:198.2,198.31 1 1
gitee.com/janyees/gom/Dbs.go:195.24,197.3 1 1
gitee.com/janyees/gom/Dbs.go:201.44,203.24 2 0
gitee.com/janyees/gom/Dbs.go:209.2,211.25 3 0
gitee.com/janyees/gom/Dbs.go:216.2,216.12 1 0
gitee.com/janyees/gom/Dbs.go:203.24,205.3 1 0
gitee.com/janyees/gom/Dbs.go:205.8,207.3 1 0
gitee.com/janyees/gom/Dbs.go:211.25,212.37 1 0
gitee.com/janyees/gom/Dbs.go:212.37,214.4 1 0
gitee.com/janyees/gom/Dbs.go:218.69,220.24 2 0
gitee.com/janyees/gom/Dbs.go:225.2,225.24 1 0
gitee.com/janyees/gom/Dbs.go:220.24,222.3 1 0
gitee.com/janyees/gom/Dbs.go:222.8,224.3 1 0
gitee.com/janyees/gom/Dbs.go:225.24,227.3 1 0
gitee.com/janyees/gom/Dbs.go:227.8,231.26 3 0
gitee.com/janyees/gom/Dbs.go:236.3,236.13 1 0
gitee.com/janyees/gom/Dbs.go:231.26,232.38 1 0
gitee.com/janyees/gom/Dbs.go:232.38,234.5 1 0
gitee.com/janyees/gom/Dbs.go:240.102,243.16 3 1
gitee.com/janyees/gom/Dbs.go:246.2,247.17 2 1
gitee.com/janyees/gom/Dbs.go:250.2,253.15 4 1
gitee.com/janyees/gom/Dbs.go:256.2,256.52 1 1
gitee.com/janyees/gom/Dbs.go:275.2,275.17 1 0
gitee.com/janyees/gom/Dbs.go:243.16,245.3 1 0
gitee.com/janyees/gom/Dbs.go:247.17,249.3 1 0
gitee.com/janyees/gom/Dbs.go:253.15,254.12 1 0
gitee.com/janyees/gom/Dbs.go:256.52,259.19 2 1
gitee.com/janyees/gom/Dbs.go:263.3,263.34 1 1
gitee.com/janyees/gom/Dbs.go:259.19,262.4 2 1
gitee.com/janyees/gom/Dbs.go:264.8,265.18 1 1
gitee.com/janyees/gom/Dbs.go:265.18,270.4 4 1
gitee.com/janyees/gom/Dbs.go:270.9,272.4 1 0
gitee.com/janyees/gom/Dbs.go:277.76,279.16 2 0
gitee.com/janyees/gom/Dbs.go:282.2,282.22 1 0
gitee.com/janyees/gom/Dbs.go:279.16,281.3 1 0
gitee.com/janyees/gom/Dbs.go:285.65,288.15 3 0
gitee.com/janyees/gom/Dbs.go:296.2,297.16 2 0
gitee.com/janyees/gom/Dbs.go:301.2,302.16 2 0
gitee.com/janyees/gom/Dbs.go:305.2,305.20 1 0
gitee.com/janyees/gom/Dbs.go:288.15,291.17 3 0
gitee.com/janyees/gom/Dbs.go:291.17,293.4 1 0
gitee.com/janyees/gom/Dbs.go:297.16,300.3 2 0
gitee.com/janyees/gom/Dbs.go:302.16,304.3 1 0
gitee.com/janyees/gom/gom.go:16.104,20.16 4 0
gitee.com/janyees/gom/gom.go:20.16,22.3 1 0
gitee.com/janyees/gom/gom.go:22.8,26.10 4 0
gitee.com/janyees/gom/gom.go:29.3,29.61 1 0
gitee.com/janyees/gom/gom.go:26.10,27.76 1 0
gitee.com/janyees/gom/gom.go:33.68,38.16 5 1
gitee.com/janyees/gom/gom.go:38.16,40.3 1 0
gitee.com/janyees/gom/gom.go:40.8,42.10 2 1
gitee.com/janyees/gom/gom.go:45.3,45.61 1 1
gitee.com/janyees/gom/gom.go:42.10,43.76 1 0
